<?xml version="1.0" encoding="UTF-8"?>
<testsuite name="TestsCircleCalcilator" tests="3" skipped="0" failures="0" errors="0" timestamp="2022-12-10T10:33:19" hostname="LAPTOP-BGC49718" time="0.044">
  <properties/>
  <testcase name="testCalculateCircleArea1()" classname="TestsCircleCalcilator" time="0.039"/>
  <testcase name="testCalculateCircleArea2()" classname="TestsCircleCalcilator" time="0.002"/>
  <testcase name="testCalculateCircleLength()" classname="TestsCircleCalcilator" time="0.002"/>
  <system-out><![CDATA[Running Test
Test complete
Running Test
Test complete
Running Test
Test complete
]]></system-out>
  <system-err><![CDATA[]]></system-err>
</testsuite>
