<?xml version="1.0" encoding="UTF-8"?>
<testsuite name="CalculatorTests" tests="2" skipped="0" failures="0" errors="0" timestamp="2022-12-10T09:05:01" hostname="LAPTOP-BGC49718" time="0.021">
  <properties/>
  <testcase name="testSum()" classname="CalculatorTests" time="0.019"/>
  <testcase name="testSubtraction()" classname="CalculatorTests" time="0.001"/>
  <system-out><![CDATA[Running Test
Test complete
Running Test
Test complete
]]></system-out>
  <system-err><![CDATA[]]></system-err>
</testsuite>
